Build started 2015/10/14 下午 06:25:14.
     1>Project "Z:\Users\hugo\Documents\comp4411\pj2\modeler.vcxproj" on node 2 (Build target(s)).
     1>ClCompile:
         C:\Program Files (x86)\Microsoft Visual Studio 12.0\VC\bin\CL.exe /c /Ilocal\include /Zi /nologo /W3 /WX- /O2 /Ob1 /Oy- /D WIN32 /D NDEBUG /D _CONSOLE /D _VC80_UPGRADE=0x0600 /D _MBCS /GF /Gm- /EHsc /MT /GS /Gy /fp:precise /Zc:wchar_t /Zc:forScope /Fo".\Release/" /Fd".\Release/vc120.pdb" /Gd /TP /analyze- /errorReport:prompt Minion.cpp
         Minion.cpp
     1>Minion.cpp : warning C4819: The file contains a character that cannot be represented in the current code page (950). Save the file in Unicode format to prevent data loss
     1>z:\users\hugo\documents\comp4411\pj2\Minion.h(14): warning C4351: new behavior: elements of array 'Minion::direction' will be default initialized
     1>Minion.cpp(86): warning C4244: 'argument' : conversion from 'double' to 'int', possible loss of data
       Link:
         C:\Program Files (x86)\Microsoft Visual Studio 12.0\VC\bin\link.exe /ERRORREPORT:PROMPT /OUT:".\Release/modeler.exe" /INCREMENTAL:NO /NOLOGO local/lib/fltk.lib wsock32.lib opengl32.lib glu32.lib odbc32.lib odbccp32.lib kernel32.lib user32.lib gdi32.lib winspool.lib comdlg32.lib advapi32.lib shell32.lib ole32.lib oleaut32.lib uuid.lib odbc32.lib odbccp32.lib /MANIFEST /MANIFESTUAC:"level='asInvoker' uiAccess='false'" /manifest:embed /PDB:".\Release/modeler.pdb" /SUBSYSTEM:WINDOWS /TLBID:1 /DYNAMICBASE:NO /IMPLIB:".\Release\modeler.lib" /MACHINE:X86 /SAFESEH:NO .\Release/bitmap.obj
         .\Release/camera.obj
         .\Release/LSystem.obj
         .\Release/Minion.obj
         .\Release/modelerapp.obj
         .\Release/modelerdraw.obj
         .\Release/modelerui.obj
         .\Release/modelerview.obj
         .\Release/sample.obj
         modeler.vcxproj -> Z:\Users\hugo\Documents\comp4411\pj2\.\Release\modeler.exe
     1>Done Building Project "Z:\Users\hugo\Documents\comp4411\pj2\modeler.vcxproj" (Build target(s)).

Build succeeded.

Time Elapsed 00:00:01.32
